<?xml version="1.0" encoding="UTF-8"?>
<testng-results ignored="0" total="2" passed="2" failed="0" skipped="0">
  <reporter-output>
  </reporter-output>
  <suite started-at="2021-03-19T02:02:57 PDT" name="Default suite" finished-at="2021-03-19T02:04:03 PDT" duration-ms="65901">
    <groups>
    </groups>
    <test started-at="2021-03-19T02:02:57 PDT" name="Default test" finished-at="2021-03-19T02:04:03 PDT" duration-ms="65901">
      <class name="com.htc.testPages.LoginTest">
        <test-method is-config="true" signature="initialization()[pri:0, instance:com.htc.testPages.LoginTest@2ddc8ecb]" started-at="2021-03-19T02:02:59 PDT" name="initialization" finished-at="2021-03-19T02:03:27 PDT" duration-ms="27648" status="PASS">
          <reporter-output>
          </reporter-output>
        </test-method> <!-- initialization -->
        <test-method is-config="true" signature="objectCreation()[pri:0, instance:com.htc.testPages.LoginTest@2ddc8ecb]" started-at="2021-03-19T02:03:27 PDT" name="objectCreation" finished-at="2021-03-19T02:03:28 PDT" duration-ms="585" status="PASS">
          <reporter-output>
          </reporter-output>
        </test-method> <!-- objectCreation -->
        <test-method signature="TestvalidLogin(java.util.Map)[pri:1, instance:com.htc.testPages.LoginTest@2ddc8ecb]" started-at="2021-03-19T02:03:28 PDT" name="TestvalidLogin" data-provider="data" finished-at="2021-03-19T02:03:35 PDT" duration-ms="7182" status="PASS">
          <params>
            <param index="0">
              <value>
                <![CDATA[{=, invalidPassword=harshateja112, password=harsha12345, userid=gowthamteja13@gmail.com, invalidUserid=gowthamteja12@gmail.com}]]>
              </value>
            </param>
          </params>
          <reporter-output>
          </reporter-output>
        </test-method> <!-- TestvalidLogin -->
        <test-method is-config="true" signature="tearDown(org.testng.ITestResult)[pri:0, instance:com.htc.testPages.LoginTest@2ddc8ecb]" started-at="2021-03-19T02:03:35 PDT" name="tearDown" finished-at="2021-03-19T02:03:39 PDT" duration-ms="4312" status="PASS">
          <params>
            <param index="0">
              <value>
                <![CDATA[[TestResult name=TestvalidLogin status=SUCCESS method=LoginTest.TestvalidLogin(java.util.Map)[pri:1, instance:com.htc.testPages.LoginTest@2ddc8ecb] output={null}]]]>
              </value>
            </param>
          </params>
          <reporter-output>
          </reporter-output>
        </test-method> <!-- tearDown -->
        <test-method is-config="true" signature="initialization()[pri:0, instance:com.htc.testPages.LoginTest@2ddc8ecb]" started-at="2021-03-19T02:03:40 PDT" name="initialization" finished-at="2021-03-19T02:03:57 PDT" duration-ms="17415" status="PASS">
          <reporter-output>
          </reporter-output>
        </test-method> <!-- initialization -->
        <test-method is-config="true" signature="objectCreation()[pri:0, instance:com.htc.testPages.LoginTest@2ddc8ecb]" started-at="2021-03-19T02:03:57 PDT" name="objectCreation" finished-at="2021-03-19T02:03:57 PDT" duration-ms="4" status="PASS">
          <reporter-output>
          </reporter-output>
        </test-method> <!-- objectCreation -->
        <test-method signature="TestInvalidLogin(java.util.Map)[pri:2, instance:com.htc.testPages.LoginTest@2ddc8ecb]" started-at="2021-03-19T02:03:57 PDT" name="TestInvalidLogin" data-provider="data" finished-at="2021-03-19T02:04:01 PDT" duration-ms="4187" status="PASS">
          <params>
            <param index="0">
              <value>
                <![CDATA[{=, invalidPassword=harshateja112, password=harsha12345, userid=gowthamteja13@gmail.com, invalidUserid=gowthamteja12@gmail.com}]]>
              </value>
            </param>
          </params>
          <reporter-output>
          </reporter-output>
        </test-method> <!-- TestInvalidLogin -->
        <test-method is-config="true" signature="tearDown(org.testng.ITestResult)[pri:0, instance:com.htc.testPages.LoginTest@2ddc8ecb]" started-at="2021-03-19T02:04:01 PDT" name="tearDown" finished-at="2021-03-19T02:04:03 PDT" duration-ms="1333" status="PASS">
          <params>
            <param index="0">
              <value>
                <![CDATA[[TestResult name=TestInvalidLogin status=SUCCESS method=LoginTest.TestInvalidLogin(java.util.Map)[pri:2, instance:com.htc.testPages.LoginTest@2ddc8ecb] output={null}]]]>
              </value>
            </param>
          </params>
          <reporter-output>
          </reporter-output>
        </test-method> <!-- tearDown -->
      </class> <!-- com.htc.testPages.LoginTest -->
    </test> <!-- Default test -->
  </suite> <!-- Default suite -->
</testng-results>
